18:23:34.144 INFO  Server Started! 
18:23:34.455 INFO  Database connected! 
18:23:34.540 INFO  
/========================\
 INIZIO RICERCA GIOCATORI
 
18:23:34.540 INFO   FINE RICERCA [NOT FOUND]
\========================/
 
18:23:34.541 INFO  Trovato nuovo giocatore, aggiunto alla lista players. 
18:23:34.542 INFO  
******************
1 player totali
******************
 
18:23:34.727 INFO  
GIOCATORE 1: 
18:23:34.727 INFO  Nickname: Bitrey 
18:23:34.727 INFO  Socket ID: nvFRpSRQZn16Q6fwAAAA 
18:23:34.727 INFO  User ID: 5d93afc3de69e01da8b64efe 
18:23:34.727 INFO  inGame: undefined 
18:23:35.083 INFO  
/========================\
 INIZIO RICERCA GIOCATORI
 
18:23:35.083 INFO  **************************
ID del giocatore trovato: 5d93afc3de69e01da8b64efe 
18:23:35.083 INFO  che è diverso da 
18:23:35.083 INFO  ID corrente: 5d93afc3de69e01da8b64efe
**************************
 
18:23:35.083 INFO   FINE RICERCA [NOT FOUND]
\========================/
 
18:23:35.083 INFO  Trovato nuovo giocatore, aggiunto alla lista players. 
18:23:35.083 INFO  
******************
2 player totali
******************
 
18:23:35.118 INFO  
GIOCATORE 1: 
18:23:35.118 INFO  Nickname: Bitrey 
18:23:35.118 INFO  Socket ID: nvFRpSRQZn16Q6fwAAAA 
18:23:35.118 INFO  User ID: 5d93afc3de69e01da8b64efe 
18:23:35.118 INFO  inGame: undefined 
18:23:35.143 INFO  
GIOCATORE 2: 
18:23:35.143 INFO  Nickname: Bitrey 
18:23:35.143 INFO  Socket ID: nSAL8kpxmf8sDH4sAAAB 
18:23:35.143 INFO  User ID: 5d93afc3de69e01da8b64efe 
18:23:35.143 INFO  inGame: undefined 
18:23:35.273 INFO  
/========================\
 INIZIO RICERCA GIOCATORI
 
18:23:35.273 INFO  **************************
ID del giocatore trovato: 5d93afc3de69e01da8b64efe 
18:23:35.273 INFO  che è diverso da 
18:23:35.273 INFO  ID corrente: 5d93afc3de69e01da8b64efe
**************************
 
18:23:35.273 INFO  **************************
ID del giocatore trovato: 5d93afc3de69e01da8b64efe 
18:23:35.273 INFO  che è diverso da 
18:23:35.273 INFO  ID corrente: 5d93afc3de69e01da8b64efe
**************************
 
18:23:35.273 INFO   FINE RICERCA [NOT FOUND]
\========================/
 
18:23:35.273 INFO  Trovato nuovo giocatore, aggiunto alla lista players. 
18:23:35.273 INFO  
******************
3 player totali
******************
 
18:23:35.309 INFO  
GIOCATORE 1: 
18:23:35.309 INFO  Nickname: Bitrey 
18:23:35.309 INFO  Socket ID: nvFRpSRQZn16Q6fwAAAA 
18:23:35.309 INFO  User ID: 5d93afc3de69e01da8b64efe 
18:23:35.309 INFO  inGame: undefined 
18:23:35.521 INFO  
GIOCATORE 2: 
18:23:35.521 INFO  Nickname: Bitrey 
18:23:35.521 INFO  Socket ID: nSAL8kpxmf8sDH4sAAAB 
18:23:35.521 INFO  User ID: 5d93afc3de69e01da8b64efe 
18:23:35.521 INFO  inGame: undefined 
18:23:35.544 INFO  
GIOCATORE 3: 
18:23:35.544 INFO  Nickname: Bitrey 
18:23:35.544 INFO  Socket ID: 6XfcjiVYsRkrwUhZAAAC 
18:23:35.544 INFO  User ID: 5d93afc3de69e01da8b64efe 
18:23:35.544 INFO  inGame: undefined 
18:26:18.348 INFO  Server Started! 
18:26:18.650 INFO  Database connected! 
18:26:18.751 INFO  
/========================\
 INIZIO RICERCA GIOCATORI
 
18:26:18.751 INFO   FINE RICERCA [NOT FOUND]
\========================/
 
18:26:18.751 INFO  Trovato nuovo giocatore, aggiunto alla lista players. 
18:26:18.752 INFO  
******************
1 player totali
******************
 
18:26:18.934 INFO  
GIOCATORE 1: 
18:26:18.934 INFO  Nickname: Bitrey 
18:26:18.934 INFO  Socket ID: PrdK3vm-O0nuYcjHAAAA 
18:26:18.934 INFO  User ID: 5d93afc3de69e01da8b64efe 
18:26:18.934 INFO  inGame: undefined 
18:26:19.083 INFO  
/========================\
 INIZIO RICERCA GIOCATORI
 
18:26:19.083 INFO  **************************
ID del giocatore trovato: 5d93afc3de69e01da8b64efe 
18:26:19.083 INFO  che è diverso da 
18:26:19.083 INFO  ID corrente: 5d93afc3de69e01da8b64efe
**************************
 
18:26:19.083 INFO   FINE RICERCA [NOT FOUND]
\========================/
 
18:26:19.083 INFO  Trovato nuovo giocatore, aggiunto alla lista players. 
18:26:19.083 INFO  
******************
2 player totali
******************
 
18:26:19.124 INFO  
GIOCATORE 1: 
18:26:19.124 INFO  Nickname: Bitrey 
18:26:19.124 INFO  Socket ID: PrdK3vm-O0nuYcjHAAAA 
18:26:19.124 INFO  User ID: 5d93afc3de69e01da8b64efe 
18:26:19.124 INFO  inGame: undefined 
18:26:19.326 INFO  
GIOCATORE 2: 
18:26:19.326 INFO  Nickname: Bitrey 
18:26:19.326 INFO  Socket ID: bqygXu1FtkBuJCD9AAAB 
18:26:19.326 INFO  User ID: 5d93afc3de69e01da8b64efe 
18:26:19.326 INFO  inGame: undefined 
18:26:19.328 INFO  
/========================\
 INIZIO RICERCA GIOCATORI
 
18:26:19.328 INFO  **************************
ID del giocatore trovato: 5d93afc3de69e01da8b64efe 
18:26:19.328 INFO  che è diverso da 
18:26:19.328 INFO  ID corrente: 5d93afc3de69e01da8b64efe
**************************
 
18:26:19.328 INFO  **************************
ID del giocatore trovato: 5d93afc3de69e01da8b64efe 
18:26:19.328 INFO  che è diverso da 
18:26:19.328 INFO  ID corrente: 5d93afc3de69e01da8b64efe
**************************
 
18:26:19.328 INFO   FINE RICERCA [NOT FOUND]
\========================/
 
18:26:19.329 INFO  Trovato nuovo giocatore, aggiunto alla lista players. 
18:26:19.329 INFO  
******************
3 player totali
******************
 
18:26:19.361 INFO  
GIOCATORE 1: 
18:26:19.361 INFO  Nickname: Bitrey 
18:26:19.361 INFO  Socket ID: PrdK3vm-O0nuYcjHAAAA 
18:26:19.361 INFO  User ID: 5d93afc3de69e01da8b64efe 
18:26:19.361 INFO  inGame: undefined 
18:26:19.389 INFO  
GIOCATORE 2: 
18:26:19.389 INFO  Nickname: Bitrey 
18:26:19.389 INFO  Socket ID: bqygXu1FtkBuJCD9AAAB 
18:26:19.389 INFO  User ID: 5d93afc3de69e01da8b64efe 
18:26:19.389 INFO  inGame: undefined 
18:26:19.413 INFO  
GIOCATORE 3: 
18:26:19.413 INFO  Nickname: Bitrey 
18:26:19.413 INFO  Socket ID: GZY8ZP6Mzc1Ef1QSAAAC 
18:26:19.413 INFO  User ID: 5d93afc3de69e01da8b64efe 
18:26:19.413 INFO  inGame: undefined 
18:28:45.431 INFO  Server Started! 
18:28:45.722 INFO  Database connected! 
18:28:46.412 INFO  
/========================\
 INIZIO RICERCA GIOCATORI
 
18:28:46.412 INFO   FINE RICERCA [NOT FOUND]
\========================/
 
18:28:46.412 INFO  Trovato nuovo giocatore, aggiunto alla lista players. 
18:28:46.413 INFO  
******************
1 player totali
******************
 
18:28:46.584 INFO  
GIOCATORE 1: 
18:28:46.584 INFO  Nickname: Bitrey 
18:28:46.584 INFO  Socket ID: 3rvsIS52QeiXQ8VVAAAA 
18:28:46.584 INFO  User ID: 5d93afc3de69e01da8b64efe 
18:28:46.584 INFO  inGame: undefined 
18:28:46.587 INFO  
/========================\
 INIZIO RICERCA GIOCATORI
 
18:28:46.587 INFO  **************************
ID del giocatore trovato: 5d93afc3de69e01da8b64efe 
18:28:46.587 INFO  che è diverso da 
18:28:46.587 INFO  ID corrente: 5d93afc3de69e01da8b64efe
**************************
 
18:28:46.587 INFO   FINE RICERCA [NOT FOUND]
\========================/
 
18:28:46.587 INFO  Trovato nuovo giocatore, aggiunto alla lista players. 
18:28:46.588 INFO  
******************
2 player totali
******************
 
18:28:46.751 INFO  
GIOCATORE 1: 
18:28:46.751 INFO  Nickname: Bitrey 
18:28:46.751 INFO  Socket ID: 3rvsIS52QeiXQ8VVAAAA 
18:28:46.751 INFO  User ID: 5d93afc3de69e01da8b64efe 
18:28:46.751 INFO  inGame: undefined 
18:28:46.755 INFO  
/========================\
 INIZIO RICERCA GIOCATORI
 
18:28:46.755 INFO  **************************
ID del giocatore trovato: 5d93afc3de69e01da8b64efe 
18:28:46.755 INFO  che è diverso da 
18:28:46.755 INFO  ID corrente: 5d93afc3de69e01da8b64efe
**************************
 
18:28:46.755 INFO  **************************
ID del giocatore trovato: 5d93afc3de69e01da8b64efe 
18:28:46.755 INFO  che è diverso da 
18:28:46.755 INFO  ID corrente: 5d93afc3de69e01da8b64efe
**************************
 
18:28:46.755 INFO   FINE RICERCA [NOT FOUND]
\========================/
 
18:28:46.755 INFO  Trovato nuovo giocatore, aggiunto alla lista players. 
18:28:46.755 INFO  
******************
3 player totali
******************
 
18:28:46.959 INFO  
GIOCATORE 1: 
18:28:46.959 INFO  Nickname: Bitrey 
18:28:46.959 INFO  Socket ID: 3rvsIS52QeiXQ8VVAAAA 
18:28:46.959 INFO  User ID: 5d93afc3de69e01da8b64efe 
18:28:46.959 INFO  inGame: undefined 
18:28:46.963 INFO  
GIOCATORE 2: 
18:28:46.963 INFO  Nickname: Bitrey 
18:28:46.963 INFO  Socket ID: g9tcdyABV5K-ioxAAAAB 
18:28:46.963 INFO  User ID: 5d93afc3de69e01da8b64efe 
18:28:46.963 INFO  inGame: undefined 
18:28:46.983 INFO  
GIOCATORE 2: 
18:28:46.983 INFO  Nickname: Bitrey 
18:28:46.983 INFO  Socket ID: g9tcdyABV5K-ioxAAAAB 
18:28:46.983 INFO  User ID: 5d93afc3de69e01da8b64efe 
18:28:46.983 INFO  inGame: undefined 
18:28:46.992 INFO  
GIOCATORE 3: 
18:28:46.992 INFO  Nickname: Bitrey 
18:28:46.992 INFO  Socket ID: bbZG8TI-SVDxrGV2AAAC 
18:28:46.992 INFO  User ID: 5d93afc3de69e01da8b64efe 
18:28:46.992 INFO  inGame: undefined 
18:28:47.155 INFO  
GIOCATORE 3: 
18:28:47.155 INFO  Nickname: Bitrey 
18:28:47.155 INFO  Socket ID: bbZG8TI-SVDxrGV2AAAC 
18:28:47.155 INFO  User ID: 5d93afc3de69e01da8b64efe 
18:28:47.155 INFO  inGame: undefined 
18:37:13.240 WARN  4 players hard coded in deck distribution. Remove after debugging. 
18:43:04.090 WARN  4 players hard coded in deck distribution. Remove after debugging. 
19:35:32.525 WARN  4 players hard coded in deck distribution. Remove after debugging. 
19:47:46.580 WARN  4 players hard coded in deck distribution. Remove after debugging. 
00:15:57.567 WARN  4 players hard coded in deck distribution. Remove after debugging. 
00:20:10.826 WARN  4 players hard coded in deck distribution. Remove after debugging. 
00:23:48.134 WARN  4 players hard coded in deck distribution. Remove after debugging. 
00:25:50.455 WARN  4 players hard coded in deck distribution. Remove after debugging. 
00:27:07.098 WARN  4 players hard coded in deck distribution. Remove after debugging. 
00:29:15.110 WARN  4 players hard coded in deck distribution. Remove after debugging. 
00:29:18.982 WARN  4 players hard coded in deck distribution. Remove after debugging. 
00:31:32.102 WARN  4 players hard coded in deck distribution. Remove after debugging. 
00:32:54.523 WARN  4 players hard coded in deck distribution. Remove after debugging. 
03:06:58.575 ERROR Errore nella rimozione del socket WMlJK1tS4WWNVzy3AAAB 
03:07:05.585 ERROR Errore nella rimozione del socket 8pEkiEF7jokGt3UuAAAC 
03:07:07.001 ERROR Errore nella rimozione del socket 4IHBbWSnvbI7OdCaAAAE 
03:07:12.272 ERROR Errore nella rimozione del socket Gcn91Z_NXFZEp466AAAF 
03:07:15.660 ERROR Errore nella rimozione del socket G233wFVV8sMyjvdoAAAD 
03:07:25.481 ERROR Errore nella rimozione del socket quk4qsmmHcowc3b9AAAL 
03:07:27.109 ERROR Errore nella rimozione del socket I6AASyA_PQLgt-W2AAAK 
03:08:07.298 ERROR Errore nella rimozione del socket D7v37CHsULKukaIcAAAV 
03:09:11.486 ERROR Errore nella rimozione del socket RatlhBKuPe2TzJNSAAAP 
03:09:11.953 ERROR Errore nella rimozione del socket dtWuoU0G-suc2C1tAAAQ 
03:12:21.129 ERROR Errore nella rimozione del socket 0CguNvmnRm-p_VR5AAAC 
03:12:26.121 ERROR Errore nella rimozione del socket -w2zznAwsCh-2K_-AAAD 
03:12:27.930 ERROR Errore nella rimozione del socket zC25itc1qKSkfCHaAAAE 
03:13:50.065 ERROR Errore nella rimozione del socket BkKscztO6xhDQOhcAAAB 
03:13:52.448 ERROR Errore nella rimozione del socket l7ga3221S1w2oi1nAAAE 
03:13:56.586 ERROR Errore nella rimozione del socket 0tnkpUjA3udLKJvPAAAF 
03:13:59.239 ERROR Errore nella rimozione del socket VscvPoOYQUTRNFDrAAAG 
03:14:02.953 ERROR Errore nella rimozione del socket YcFLhIDeu3bRlZVIAAAH 
03:14:05.845 ERROR Errore nella rimozione del socket 21rek6yo7uFq8BD_AAAI 
03:17:07.522 ERROR Errore nella rimozione del socket r2tp1xJ1MT9GYP1RAAAB 
03:17:12.046 ERROR Errore nella rimozione del socket 3UC5p_7yjjtoiN2BAAAD 
03:17:17.072 ERROR Errore nella rimozione del socket V-xnhBG1w5lPq1aBAAAF 
03:17:21.858 ERROR Errore nella rimozione del socket 92EH_LY4oMgBwT8EAAAH 
03:17:33.280 ERROR Errore nella rimozione del socket b2BgffN3Ld5wA1QqAAAJ 
